2025-09-17 04:54:36,241 - main_crawler - INFO - 🚀 启动内推码爬虫系统
2025-09-17 04:54:36,242 - main_crawler - INFO - 开始运行所有爬虫...
2025-09-17 04:54:36,242 - main_crawler - INFO - 运行 牛客 爬虫...
2025-09-17 04:54:36,242 - crawler.牛客 - INFO - 开始爬取 牛客 数据...
2025-09-17 04:54:36,243 - crawler.牛客 - INFO - 爬取页面: /discuss/tag/640
2025-09-17 04:54:38,384 - crawler.牛客 - INFO - 爬取页面: /discuss/tag/639
2025-09-17 04:54:40,981 - crawler.牛客 - INFO - 爬取页面: /discuss/tag/641
2025-09-17 04:54:44,306 - crawler.牛客 - INFO - 保存了 15 个新职位到 data/牛客_jobs_20250917.json
2025-09-17 04:54:44,306 - crawler.牛客 - INFO - 牛客 爬取完成: 获取 15 个职位，新增 15 个，耗时 8.06 秒
2025-09-17 04:54:44,306 - main_crawler - INFO - 牛客 爬虫完成，获取 15 个职位
2025-09-17 04:54:46,309 - main_crawler - INFO - 运行 力扣 爬虫...
2025-09-17 04:54:46,309 - crawler.力扣 - INFO - 开始爬取 力扣 数据...
2025-09-17 04:54:46,309 - crawler.力扣 - INFO - 爬取话题: interview
2025-09-17 04:54:54,841 - main_crawler - INFO - 🚀 启动内推码爬虫系统
2025-09-17 04:54:54,841 - main_crawler - INFO - 开始运行所有爬虫...
2025-09-17 04:54:54,841 - main_crawler - INFO - 运行 牛客 爬虫...
2025-09-17 04:54:54,841 - crawler.牛客 - INFO - 开始爬取 牛客 数据...
2025-09-17 04:54:54,842 - crawler.牛客 - INFO - 爬取页面: /discuss/tag/640
2025-09-17 04:54:58,553 - crawler.牛客 - INFO - 爬取页面: /discuss/tag/639
2025-09-17 04:55:02,046 - crawler.牛客 - INFO - 爬取页面: /discuss/tag/641
2025-09-17 04:55:05,110 - crawler.牛客 - INFO - 没有新职位需要保存
2025-09-17 04:55:05,110 - crawler.牛客 - INFO - 牛客 爬取完成: 获取 15 个职位，新增 0 个，耗时 10.27 秒
2025-09-17 04:55:05,110 - main_crawler - INFO - 牛客 爬虫完成，获取 15 个职位
2025-09-17 04:55:07,113 - main_crawler - INFO - 运行 力扣 爬虫...
2025-09-17 04:55:07,113 - crawler.力扣 - INFO - 开始爬取 力扣 数据...
2025-09-17 04:55:07,113 - crawler.力扣 - INFO - 爬取话题: interview
2025-09-17 04:55:09,531 - crawler.力扣 - INFO - 爬取话题: career
2025-09-17 04:55:12,224 - crawler.力扣 - INFO - 爬取话题: internship
2025-09-17 04:55:14,779 - crawler.力扣 - INFO - 保存了 15 个新职位到 data/力扣_jobs_20250917.json
2025-09-17 04:55:14,779 - crawler.力扣 - INFO - 力扣 爬取完成: 获取 15 个职位，新增 15 个，耗时 7.67 秒
2025-09-17 04:55:14,779 - main_crawler - INFO - 力扣 爬虫完成，获取 15 个职位
2025-09-17 04:55:16,781 - main_crawler - INFO - 运行 小红书 爬虫...
2025-09-17 04:55:16,782 - crawler.小红书 - INFO - 开始爬取 小红书 数据...
2025-09-17 04:55:16,782 - crawler.小红书 - INFO - 搜索关键词: 内推
2025-09-17 04:55:20,414 - crawler.小红书 - INFO - 搜索关键词: 校招
2025-09-17 04:55:23,142 - crawler.小红书 - INFO - 搜索关键词: 社招
2025-09-17 04:55:25,739 - crawler.小红书 - INFO - 搜索关键词: 实习
2025-09-17 04:55:29,253 - crawler.小红书 - INFO - 搜索关键词: 求职
2025-09-17 04:55:32,638 - crawler.小红书 - INFO - 搜索关键词: 找工作
2025-09-17 04:55:35,081 - crawler.小红书 - INFO - 保存了 30 个新职位到 data/小红书_jobs_20250917.json
2025-09-17 04:55:35,081 - crawler.小红书 - INFO - 小红书 爬取完成: 获取 30 个职位，新增 30 个，耗时 18.30 秒
2025-09-17 04:55:35,081 - main_crawler - INFO - 小红书 爬虫完成，获取 30 个职位
2025-09-17 04:55:37,083 - main_crawler - INFO - 运行 脉脉 爬虫...
2025-09-17 04:55:37,084 - crawler.脉脉 - INFO - 开始爬取 脉脉 数据...
2025-09-17 04:55:37,084 - crawler.脉脉 - INFO - 爬取板块: job_referral
2025-09-17 04:55:39,695 - crawler.脉脉 - INFO - 爬取板块: campus_recruit
2025-09-17 05:16:52,730 - main_crawler - INFO - 🚀 启动内推码爬虫系统
2025-09-17 05:16:52,730 - main_crawler - INFO - 开始运行所有爬虫...
2025-09-17 05:16:52,730 - main_crawler - INFO - 运行 牛客 爬虫...
2025-09-17 05:16:52,731 - crawler.牛客 - INFO - 开始爬取 牛客 数据...
2025-09-17 05:16:52,731 - crawler.牛客 - INFO - 爬取页面: /discuss/tag/640
2025-09-17 05:16:56,736 - crawler.牛客 - INFO - 爬取页面: /discuss/tag/639
2025-09-17 05:17:00,311 - crawler.牛客 - INFO - 爬取页面: /discuss/tag/641
2025-09-17 05:17:03,786 - crawler.牛客 - INFO - 没有新职位需要保存
2025-09-17 05:17:03,786 - crawler.牛客 - INFO - 牛客 爬取完成: 获取 15 个职位，新增 0 个，耗时 11.06 秒
2025-09-17 05:17:03,786 - main_crawler - INFO - 牛客 爬虫完成，获取 15 个职位
2025-09-17 05:17:05,789 - main_crawler - INFO - 运行 力扣 爬虫...
2025-09-17 05:17:05,789 - crawler.力扣 - INFO - 开始爬取 力扣 数据...
2025-09-17 05:17:05,789 - crawler.力扣 - INFO - 爬取话题: interview
2025-09-17 05:17:09,477 - crawler.力扣 - INFO - 爬取话题: career
2025-09-17 05:17:11,870 - crawler.力扣 - INFO - 爬取话题: internship
2025-09-17 05:17:14,893 - crawler.力扣 - INFO - 保存了 15 个新职位到 data/力扣_jobs_20250917.json
2025-09-17 05:17:14,893 - crawler.力扣 - INFO - 力扣 爬取完成: 获取 15 个职位，新增 15 个，耗时 9.10 秒
2025-09-17 05:17:14,893 - main_crawler - INFO - 力扣 爬虫完成，获取 15 个职位
2025-09-17 05:17:16,896 - main_crawler - INFO - 运行 小红书 爬虫...
2025-09-17 05:17:16,896 - crawler.小红书 - INFO - 开始爬取 小红书 数据...
2025-09-17 05:17:16,896 - crawler.小红书 - INFO - 搜索关键词: 内推
2025-09-17 05:17:19,755 - crawler.小红书 - INFO - 搜索关键词: 校招
2025-09-17 05:17:23,270 - crawler.小红书 - INFO - 搜索关键词: 社招
2025-09-17 05:17:27,150 - crawler.小红书 - INFO - 搜索关键词: 实习
2025-09-17 05:17:30,892 - crawler.小红书 - INFO - 搜索关键词: 求职
2025-09-17 05:17:33,242 - crawler.小红书 - INFO - 搜索关键词: 找工作
2025-09-17 05:17:36,114 - crawler.小红书 - INFO - 保存了 30 个新职位到 data/小红书_jobs_20250917.json
2025-09-17 05:17:36,115 - crawler.小红书 - INFO - 小红书 爬取完成: 获取 30 个职位，新增 30 个，耗时 19.22 秒
2025-09-17 05:17:36,115 - main_crawler - INFO - 小红书 爬虫完成，获取 30 个职位
2025-09-17 05:17:38,117 - main_crawler - INFO - 运行 脉脉 爬虫...
2025-09-17 05:17:38,118 - crawler.脉脉 - INFO - 开始爬取 脉脉 数据...
2025-09-17 05:17:38,118 - crawler.脉脉 - INFO - 爬取板块: job_referral
2025-09-17 05:17:40,524 - crawler.脉脉 - INFO - 爬取板块: campus_recruit
2025-09-17 05:17:44,099 - crawler.脉脉 - INFO - 爬取板块: social_recruit
2025-09-17 05:17:47,360 - crawler.脉脉 - INFO - 爬取板块: internship
2025-09-17 05:17:50,578 - crawler.脉脉 - INFO - 保存了 20 个新职位到 data/脉脉_jobs_20250917.json
2025-09-17 05:17:50,578 - crawler.脉脉 - INFO - 脉脉 爬取完成: 获取 20 个职位，新增 20 个，耗时 12.46 秒
2025-09-17 05:17:50,579 - main_crawler - INFO - 脉脉 爬虫完成，获取 20 个职位
2025-09-17 05:17:52,581 - main_crawler - INFO - 所有爬虫运行完成，总共获取 80 个职位，耗时 59.85 秒
2025-09-17 05:17:52,582 - main_crawler - INFO - 开始合并和保存数据...
2025-09-17 05:17:52,587 - main_crawler - INFO - 数据保存完成: 80 个职位
2025-09-17 05:17:52,588 - main_crawler - INFO - 爬虫数据文件: data/all_jobs_20250917.json
2025-09-17 05:17:52,588 - main_crawler - INFO - 前端数据文件: ../data/jobs.json
2025-09-17 05:17:52,588 - main_crawler - INFO - 生成统计信息...
2025-09-17 05:17:52,589 - main_crawler - INFO - 统计信息已保存到: ../data/statistics.json
2025-09-17 05:17:52,589 - main_crawler - INFO - 清理 7 天前的数据文件...
2025-09-17 05:17:52,590 - main_crawler - INFO - 没有需要清理的旧文件
2025-09-17 05:17:52,590 - main_crawler - INFO - ✅ 爬虫系统运行完成
